# JRE version: Java(TM) SE Runtime Environment (17.0.12+8) (build 17.0.12+8-LTS-286)
# Java VM: Java HotSpot(TM) 64-Bit Server VM (17.0.12+8-LTS-286, mixed mode, sharing, tiered, compressed oops, compressed class ptrs, g1 gc, windows-amd64)
GC Precious Log:
 CPUs: 16 total, 16 available
 Memory: 16122M
 Large Page Support: Disabled
 NUMA Support: Disabled
 Compressed Oops: Enabled (32-bit)
 Heap Region Size: 1M
 Heap Min Capacity: 8M
 Heap Initial Capacity: 252M
 Heap Max Capacity: 2G
 Pre-touch: Disabled
 Parallel Workers: 13
 Concurrent Workers: 3
 Concurrent Refinement Workers: 13
 Periodic GC: Disabled
Heap:
 garbage-first heap   total 196608K, used 71411K [0x0000000080000000, 0x0000000100000000)
  region size 1024K, 4 young (4096K), 2 survivors (2048K)
 Metaspace       used 69200K, committed 70080K, reserved 491520K
  class space    used 9760K, committed 10176K, reserved 425984K
GC Heap History (20 events):
Event: 12.465 GC heap before
{Heap before GC invocations=19 (full 0):
 garbage-first heap   total 92160K, used 57058K [0x0000000080000000, 0x0000000100000000)
  region size 1024K, 4 young (4096K), 3 survivors (3072K)
 Metaspace       used 56381K, committed 57024K, reserved 491520K
  class space    used 7866K, committed 8192K, reserved 425984K
}
Event: 12.468 GC heap after
{Heap after GC invocations=20 (full 0):
 garbage-first heap   total 92160K, used 56346K [0x0000000080000000, 0x0000000100000000)
  region size 1024K, 1 young (1024K), 1 survivors (1024K)
 Metaspace       used 56381K, committed 57024K, reserved 491520K
  class space    used 7866K, committed 8192K, reserved 425984K
}
Event: 12.858 GC heap before
{Heap before GC invocations=20 (full 0):
 garbage-first heap   total 92160K, used 75802K [0x0000000080000000, 0x0000000100000000)
  region size 1024K, 20 young (20480K), 1 survivors (1024K)
 Metaspace       used 57654K, committed 58304K, reserved 491520K
  class space    used 8072K, committed 8384K, reserved 425984K
}
Event: 12.861 GC heap after
{Heap after GC invocations=21 (full 0):
 garbage-first heap   total 92160K, used 56632K [0x0000000080000000, 0x0000000100000000)
  region size 1024K, 1 young (1024K), 1 survivors (1024K)
 Metaspace       used 57654K, committed 58304K, reserved 491520K
  class space    used 8072K, committed 8384K, reserved 425984K
}
Event: 13.252 GC heap before
{Heap before GC invocations=22 (full 0):
 garbage-first heap   total 101376K, used 75064K [0x0000000080000000, 0x0000000100000000)
  region size 1024K, 20 young (20480K), 1 survivors (1024K)
 Metaspace       used 58949K, committed 59648K, reserved 491520K
  class space    used 8239K, committed 8576K, reserved 425984K
}
Event: 13.256 GC heap after
{Heap after GC invocations=23 (full 0):
 garbage-first heap   total 101376K, used 57467K [0x0000000080000000, 0x0000000100000000)
  region size 1024K, 2 young (2048K), 2 survivors (2048K)
 Metaspace       used 58949K, committed 59648K, reserved 491520K
  class space    used 8239K, committed 8576K, reserved 425984K
}
Event: 13.297 GC heap before
{Heap before GC invocations=23 (full 0):
 garbage-first heap   total 101376K, used 58491K [0x0000000080000000, 0x0000000100000000)
  region size 1024K, 4 young (4096K), 2 survivors (2048K)
 Metaspace       used 59102K, committed 59776K, reserved 491520K
  class space    used 8254K, committed 8576K, reserved 425984K
}
Event: 13.304 GC heap after
{Heap after GC invocations=24 (full 0):
 garbage-first heap   total 101376K, used 57031K [0x0000000080000000, 0x0000000100000000)
  region size 1024K, 1 young (1024K), 1 survivors (1024K)
 Metaspace       used 59102K, committed 59776K, reserved 491520K
  class space    used 8254K, committed 8576K, reserved 425984K
}
Event: 13.891 GC heap before
{Heap before GC invocations=24 (full 0):
 garbage-first heap   total 101376K, used 82631K [0x0000000080000000, 0x0000000100000000)
  region size 1024K, 26 young (26624K), 1 survivors (1024K)
 Metaspace       used 61515K, committed 62144K, reserved 491520K
  class space    used 8663K, committed 8960K, reserved 425984K
}
Event: 13.895 GC heap after
{Heap after GC invocations=25 (full 0):
 garbage-first heap   total 101376K, used 57820K [0x0000000080000000, 0x0000000100000000)
  region size 1024K, 1 young (1024K), 1 survivors (1024K)
 Metaspace       used 61515K, committed 62144K, reserved 491520K
  class space    used 8663K, committed 8960K, reserved 425984K
}
Event: 14.405 GC heap before
{Heap before GC invocations=26 (full 0):
 garbage-first heap   total 102400K, used 85468K [0x0000000080000000, 0x0000000100000000)
  region size 1024K, 26 young (26624K), 1 survivors (1024K)
 Metaspace       used 62923K, committed 63616K, reserved 491520K
  class space    used 8887K, committed 9216K, reserved 425984K
}
Event: 14.409 GC heap after
{Heap after GC invocations=27 (full 0):
 garbage-first heap   total 102400K, used 61850K [0x0000000080000000, 0x0000000100000000)
  region size 1024K, 2 young (2048K), 2 survivors (2048K)
 Metaspace       used 62923K, committed 63616K, reserved 491520K
  class space    used 8887K, committed 9216K, reserved 425984K
}
Event: 14.483 GC heap before
{Heap before GC invocations=27 (full 0):
 garbage-first heap   total 102400K, used 64922K [0x0000000080000000, 0x0000000100000000)
  region size 1024K, 5 young (5120K), 2 survivors (2048K)
 Metaspace       used 63090K, committed 63744K, reserved 491520K
  class space    used 8918K, committed 9216K, reserved 425984K
}
Event: 14.488 GC heap after
{Heap after GC invocations=28 (full 0):
 garbage-first heap   total 102400K, used 61772K [0x0000000080000000, 0x0000000100000000)
  region size 1024K, 1 young (1024K), 1 survivors (1024K)
 Metaspace       used 63090K, committed 63744K, reserved 491520K
  class space    used 8918K, committed 9216K, reserved 425984K
}
Event: 15.016 GC heap before
{Heap before GC invocations=28 (full 0):
 garbage-first heap   total 102400K, used 85324K [0x0000000080000000, 0x0000000100000000)
  region size 1024K, 24 young (24576K), 1 survivors (1024K)
 Metaspace       used 64085K, committed 64768K, reserved 491520K
  class space    used 9072K, committed 9408K, reserved 425984K
}
Event: 15.022 GC heap after
{Heap after GC invocations=29 (full 0):
 garbage-first heap   total 196608K, used 64204K [0x0000000080000000, 0x0000000100000000)
  region size 1024K, 3 young (3072K), 3 survivors (3072K)
 Metaspace       used 64085K, committed 64768K, reserved 491520K
  class space    used 9072K, committed 9408K, reserved 425984K
}
Event: 18.397 GC heap before
{Heap before GC invocations=30 (full 0):
 garbage-first heap   total 196608K, used 147148K [0x0000000080000000, 0x0000000100000000)
  region size 1024K, 84 young (86016K), 3 survivors (3072K)
 Metaspace       used 68910K, committed 69760K, reserved 491520K
  class space    used 9709K, committed 10112K, reserved 425984K
}
Event: 18.408 GC heap after
{Heap after GC invocations=31 (full 0):
 garbage-first heap   total 196608K, used 70420K [0x0000000080000000, 0x0000000100000000)
  region size 1024K, 9 young (9216K), 9 survivors (9216K)
 Metaspace       used 68910K, committed 69760K, reserved 491520K
  class space    used 9709K, committed 10112K, reserved 425984K
}
Event: 18.437 GC heap before
{Heap before GC invocations=31 (full 0):
 garbage-first heap   total 196608K, used 71444K [0x0000000080000000, 0x0000000100000000)
  region size 1024K, 10 young (10240K), 9 survivors (9216K)
 Metaspace       used 69001K, committed 69888K, reserved 491520K
  class space    used 9732K, committed 10176K, reserved 425984K
}
Event: 18.446 GC heap after
{Heap after GC invocations=32 (full 0):
 garbage-first heap   total 196608K, used 70387K [0x0000000080000000, 0x0000000100000000)
  region size 1024K, 2 young (2048K), 2 survivors (2048K)
 Metaspace       used 69001K, committed 69888K, reserved 491520K
  class space    used 9732K, committed 10176K, reserved 425984K
}

